<?xml version="1.0" encoding="UTF-8"?>
<testng-results ignored="0" total="4" passed="3" failed="1" skipped="0">
  <reporter-output>
  </reporter-output>
  <suite started-at="2022-11-17T22:46:05 IST" name="Suite2" finished-at="2022-11-17T22:46:45 IST" duration-ms="39086">
    <groups>
    </groups>
    <test started-at="2022-11-17T22:46:05 IST" name="Test" finished-at="2022-11-17T22:46:45 IST" duration-ms="39086">
      <class name="com.saucedemo.TestPack.TC01_VerifyLoginFunctionality">
        <test-method is-config="true" signature="setUp(java.lang.String)[pri:0, instance:com.saucedemo.TestPack.TC01_VerifyLoginFunctionality@7a419da4]" started-at="2022-11-17T22:46:05 IST" name="setUp" finished-at="2022-11-17T22:46:15 IST" duration-ms="9154" status="PASS">
          <params>
            <param index="0">
              <value>
                <![CDATA[firefox]]>
              </value>
            </param>
          </params>
          <reporter-output>
          </reporter-output>
        </test-method> <!-- setUp -->
        <test-method signature="verifyLogin()[pri:0, instance:com.saucedemo.TestPack.TC01_VerifyLoginFunctionality@7a419da4]" started-at="2022-11-17T22:46:15 IST" name="verifyLogin" finished-at="2022-11-17T22:46:15 IST" duration-ms="158" status="PASS">
          <reporter-output>
          </reporter-output>
        </test-method> <!-- verifyLogin -->
        <test-method is-config="true" signature="tearDown()[pri:0, instance:com.saucedemo.TestPack.TC01_VerifyLoginFunctionality@7a419da4]" started-at="2022-11-17T22:46:15 IST" name="tearDown" finished-at="2022-11-17T22:46:16 IST" duration-ms="1463" status="PASS">
          <reporter-output>
          </reporter-output>
        </test-method> <!-- tearDown -->
      </class> <!-- com.saucedemo.TestPack.TC01_VerifyLoginFunctionality -->
      <class name="com.saucedemo.TestPack.TC02_VerifyLogOutFunctionality">
        <test-method is-config="true" signature="setUp(java.lang.String)[pri:0, instance:com.saucedemo.TestPack.TC02_VerifyLogOutFunctionality@66d3eec0]" started-at="2022-11-17T22:46:16 IST" name="setUp" finished-at="2022-11-17T22:46:24 IST" duration-ms="7488" status="PASS">
          <params>
            <param index="0">
              <value>
                <![CDATA[firefox]]>
              </value>
            </param>
          </params>
          <reporter-output>
          </reporter-output>
        </test-method> <!-- setUp -->
        <test-method signature="verifyLogout()[pri:0, instance:com.saucedemo.TestPack.TC02_VerifyLogOutFunctionality@66d3eec0]" started-at="2022-11-17T22:46:24 IST" name="verifyLogout" finished-at="2022-11-17T22:46:25 IST" duration-ms="796" status="PASS">
          <reporter-output>
          </reporter-output>
        </test-method> <!-- verifyLogout -->
        <test-method is-config="true" signature="tearDown()[pri:0, instance:com.saucedemo.TestPack.TC02_VerifyLogOutFunctionality@66d3eec0]" started-at="2022-11-17T22:46:25 IST" name="tearDown" finished-at="2022-11-17T22:46:26 IST" duration-ms="1437" status="PASS">
          <reporter-output>
          </reporter-output>
        </test-method> <!-- tearDown -->
      </class> <!-- com.saucedemo.TestPack.TC02_VerifyLogOutFunctionality -->
      <class name="com.saucedemo.TestPack.TC04_VerifyAllProductsAddToCartFunctionality">
        <test-method is-config="true" signature="setUp(java.lang.String)[pri:0, instance:com.saucedemo.TestPack.TC04_VerifyAllProductsAddToCartFunctionality@1af2d44a]" started-at="2022-11-17T22:46:36 IST" name="setUp" finished-at="2022-11-17T22:46:42 IST" duration-ms="6520" status="PASS">
          <params>
            <param index="0">
              <value>
                <![CDATA[firefox]]>
              </value>
            </param>
          </params>
          <reporter-output>
          </reporter-output>
        </test-method> <!-- setUp -->
        <test-method signature="verifyAllProductsAddToCart()[pri:0, instance:com.saucedemo.TestPack.TC04_VerifyAllProductsAddToCartFunctionality@1af2d44a]" started-at="2022-11-17T22:46:42 IST" name="verifyAllProductsAddToCart" finished-at="2022-11-17T22:46:43 IST" duration-ms="906" status="FAIL">
          <exception class="java.lang.AssertionError">
            <message>
              <![CDATA[expected [6] but found [3]]]>
            </message>
            <full-stacktrace>
              <![CDATA[java.lang.AssertionError: expected [6] but found [3]
at org.testng.Assert.fail(Assert.java:99)
at org.testng.Assert.failNotEquals(Assert.java:1037)
at org.testng.Assert.assertEqualsImpl(Assert.java:140)
at org.testng.Assert.assertEquals(Assert.java:122)
at org.testng.Assert.assertEquals(Assert.java:629)
at org.testng.Assert.assertEquals(Assert.java:639)
at com.saucedemo.TestPack.TC04_VerifyAllProductsAddToCartFunctionality.verifyAllProductsAddToCart(TC04_VerifyAllProductsAddToCartFunctionality.java:33)
at java.base/jdk.internal.reflect.NativeMethodAccessorImpl.invoke0(Native Method)
at java.base/jdk.internal.reflect.NativeMethodAccessorImpl.invoke(NativeMethodAccessorImpl.java:77)
at java.base/jdk.internal.reflect.DelegatingMethodAccessorImpl.invoke(DelegatingMethodAccessorImpl.java:43)
at java.base/java.lang.reflect.Method.invoke(Method.java:568)
at org.testng.internal.MethodInvocationHelper.invokeMethod(MethodInvocationHelper.java:133)
at org.testng.internal.TestInvoker.invokeMethod(TestInvoker.java:598)
at org.testng.internal.TestInvoker.invokeTestMethod(TestInvoker.java:173)
at org.testng.internal.MethodRunner.runInSequence(MethodRunner.java:46)
at org.testng.internal.TestInvoker$MethodInvocationAgent.invoke(TestInvoker.java:824)
at org.testng.internal.TestInvoker.invokeTestMethods(TestInvoker.java:146)
at org.testng.internal.TestMethodWorker.invokeTestMethods(TestMethodWorker.java:146)
at org.testng.internal.TestMethodWorker.run(TestMethodWorker.java:128)
at java.base/java.util.ArrayList.forEach(ArrayList.java:1511)
at org.testng.TestRunner.privateRun(TestRunner.java:794)
at org.testng.TestRunner.run(TestRunner.java:596)
at org.testng.SuiteRunner.runTest(SuiteRunner.java:377)
at org.testng.SuiteRunner.runSequentially(SuiteRunner.java:371)
at org.testng.SuiteRunner.privateRun(SuiteRunner.java:332)
at org.testng.SuiteRunner.run(SuiteRunner.java:276)
at org.testng.SuiteRunnerWorker.runSuite(SuiteRunnerWorker.java:53)
at org.testng.SuiteRunnerWorker.run(SuiteRunnerWorker.java:96)
at org.testng.TestNG.runSuitesSequentially(TestNG.java:1212)
at org.testng.TestNG.runSuitesLocally(TestNG.java:1134)
at org.testng.TestNG.runSuites(TestNG.java:1063)
at org.testng.TestNG.run(TestNG.java:1031)
at org.testng.remote.AbstractRemoteTestNG.run(AbstractRemoteTestNG.java:115)
at org.testng.remote.RemoteTestNG.initAndRun(RemoteTestNG.java:251)
at org.testng.remote.RemoteTestNG.main(RemoteTestNG.java:77)
]]>
            </full-stacktrace>
          </exception> <!-- java.lang.AssertionError -->
          <reporter-output>
          </reporter-output>
        </test-method> <!-- verifyAllProductsAddToCart -->
        <test-method is-config="true" signature="tearDown()[pri:0, instance:com.saucedemo.TestPack.TC04_VerifyAllProductsAddToCartFunctionality@1af2d44a]" started-at="2022-11-17T22:46:43 IST" name="tearDown" finished-at="2022-11-17T22:46:45 IST" duration-ms="1404" status="PASS">
          <reporter-output>
          </reporter-output>
        </test-method> <!-- tearDown -->
      </class> <!-- com.saucedemo.TestPack.TC04_VerifyAllProductsAddToCartFunctionality -->
      <class name="com.saucedemo.TestPack.TC03_Verify_BagProduct_AddToCart_Functionality">
        <test-method is-config="true" signature="setUp(java.lang.String)[pri:0, instance:com.saucedemo.TestPack.TC03_Verify_BagProduct_AddToCart_Functionality@1e04fa0a]" started-at="2022-11-17T22:46:26 IST" name="setUp" finished-at="2022-11-17T22:46:34 IST" duration-ms="7975" status="PASS">
          <params>
            <param index="0">
              <value>
                <![CDATA[firefox]]>
              </value>
            </param>
          </params>
          <reporter-output>
          </reporter-output>
        </test-method> <!-- setUp -->
        <test-method signature="verifyBagProductAddToCart()[pri:0, instance:com.saucedemo.TestPack.TC03_Verify_BagProduct_AddToCart_Functionality@1e04fa0a]" started-at="2022-11-17T22:46:34 IST" name="verifyBagProductAddToCart" finished-at="2022-11-17T22:46:34 IST" duration-ms="394" status="PASS">
          <reporter-output>
          </reporter-output>
        </test-method> <!-- verifyBagProductAddToCart -->
        <test-method is-config="true" signature="tearDown()[pri:0, instance:com.saucedemo.TestPack.TC03_Verify_BagProduct_AddToCart_Functionality@1e04fa0a]" started-at="2022-11-17T22:46:34 IST" name="tearDown" finished-at="2022-11-17T22:46:36 IST" duration-ms="1306" status="PASS">
          <reporter-output>
          </reporter-output>
        </test-method> <!-- tearDown -->
      </class> <!-- com.saucedemo.TestPack.TC03_Verify_BagProduct_AddToCart_Functionality -->
    </test> <!-- Test -->
  </suite> <!-- Suite2 -->
</testng-results>
